# Penalty:  39218.62553326735
103
36 5
6 5
32 9
30 72
39 78
15 21
37 57
62 9
62 44
93 78
84 27
75 72
82 57
67 90
52 90
39 27
69 78
77 44
24 27
24 62
75 21
97 90
54 62
45 56
2 35
30 56
33 78
77 9
77 35
62 0
7 57
15 56
52 57
47 44
78 95
81 5
52 99
51 5
54 27
99 78
47 35
82 99
18 96
67 57
37 99
0 21
90 72
60 56
47 9
9 27
30 21
32 44
82 90
75 56
48 95
60 72
54 78
63 95
63 78
36 40
69 62
66 40
62 35
84 78
60 21
17 44
48 78
17 0
22 22
0 56
32 35
84 62
77 0
33 95
51 40
52 22
82 22
17 9
2 44
66 5
32 0
67 99
37 22
45 21
37 90
39 62
67 22
45 72
69 27
21 40
22 57
93 95
6 40
97 99
78 78
47 0
21 5
17 35
2 0
2 9
9 62
81 40
7 22
